<?xml version="1.0" encoding="UTF-8"?>
<!-- Generated by org.testng.reporters.JUnitReportReporter -->
<testsuite hostname="Faheem-Ahmed-Dell" failures="0" tests="6" name="api.test.DDTests" time="5.909" errors="0" timestamp="2024-10-10T16:53:54 PKT" skipped="0">
  <testcase classname="api.test.DDTests" name="testPostUser" time="0.973"/>
  <system-out/>
  <testcase classname="api.test.DDTests" name="testPostUser" time="1.009"/>
  <system-out/>
  <testcase classname="api.test.DDTests" name="testPostUser" time="0.952"/>
  <system-out/>
  <testcase classname="api.test.DDTests" name="testDeleteUser" time="1.002"/>
  <system-out/>
  <testcase classname="api.test.DDTests" name="testDeleteUser" time="0.961"/>
  <system-out/>
  <testcase classname="api.test.DDTests" name="testDeleteUser" time="1.012"/>
  <system-out/>
</testsuite> <!-- api.test.DDTests -->
