<?xml version="1.0" encoding="UTF-8"?>
<!-- Generated by org.testng.reporters.JUnitReportReporter -->
<testsuite hostname="Faheem-Ahmed-Dell" failures="0" tests="4" name="api.test.UserTests2" time="8.165" errors="0" timestamp="2024-10-22T16:14:58 PKT" skipped="0">
  <testcase classname="api.test.UserTests2" name="testPostUser" time="3.343"/>
  <system-out/>
  <testcase classname="api.test.UserTests2" name="testGetUserByName" time="1.103"/>
  <system-out/>
  <testcase classname="api.test.UserTests2" name="testUpdateUserByName" time="2.673"/>
  <system-out/>
  <testcase classname="api.test.UserTests2" name="testDeleteUserByName" time="1.046"/>
  <system-out/>
</testsuite> <!-- api.test.UserTests2 -->
