<?xml version="1.0" encoding="UTF-8"?>
<!-- Generated by org.testng.reporters.JUnitReportReporter -->
<testsuite hostname="Faheem-Ahmed-Dell" failures="0" tests="6" name="api.test.DDTests" time="6.945" errors="0" timestamp="2024-10-22T16:14:58 PKT" skipped="0">
  <testcase classname="api.test.DDTests" name="testPostUser" time="1.135"/>
  <system-out/>
  <testcase classname="api.test.DDTests" name="testPostUser" time="1.135"/>
  <system-out/>
  <testcase classname="api.test.DDTests" name="testPostUser" time="1.217"/>
  <system-out/>
  <testcase classname="api.test.DDTests" name="testDeleteUser" time="1.129"/>
  <system-out/>
  <testcase classname="api.test.DDTests" name="testDeleteUser" time="1.340"/>
  <system-out/>
  <testcase classname="api.test.DDTests" name="testDeleteUser" time="0.989"/>
  <system-out/>
</testsuite> <!-- api.test.DDTests -->
