<?xml version="1.0" encoding="UTF-8"?>
<!-- Generated by org.testng.reporters.JUnitReportReporter -->
<testsuite hostname="Faheem-Ahmed-Dell" failures="0" tests="4" name="api.test.UserTests2" time="6.237" errors="0" timestamp="2024-10-10T16:53:54 PKT" skipped="0">
  <testcase classname="api.test.UserTests2" name="testPostUser" time="2.129"/>
  <system-out/>
  <testcase classname="api.test.UserTests2" name="testGetUserByName" time="1.058"/>
  <system-out/>
  <testcase classname="api.test.UserTests2" name="testUpdateUserByName" time="2.022"/>
  <system-out/>
  <testcase classname="api.test.UserTests2" name="testDeleteUserByName" time="1.028"/>
  <system-out/>
</testsuite> <!-- api.test.UserTests2 -->
