<?xml version="1.0" encoding="UTF-8"?>
<!-- Generated by org.testng.reporters.JUnitReportReporter -->
<testsuite hostname="Faheem-Ahmed-Dell" failures="0" tests="4" name="api.test.UserTests" time="8.576" errors="0" timestamp="2024-10-10T02:48:12 PKT" skipped="0">
  <testcase classname="api.test.UserTests" name="testPostUser" time="3.371"/>
  <system-out/>
  <testcase classname="api.test.UserTests" name="testGetUserByName" time="1.433"/>
  <system-out/>
  <testcase classname="api.test.UserTests" name="testUpdateUserByName" time="2.353"/>
  <system-out/>
  <testcase classname="api.test.UserTests" name="testDeleteUserByName" time="1.419"/>
  <system-out/>
</testsuite> <!-- api.test.UserTests -->
